2019-05-20 15:36:55 [scrapy.utils.log] INFO: Scrapy 1.6.0 started (bot: four)
2019-05-20 15:36:55 [scrapy.utils.log] INFO: Versions: lxml 4.3.3.0, libxml2 2.9.5, cssselect 1.0.3, parsel 1.5.1, w3lib 1.20.0, Twisted 18.9.0, Python 3.7.2 (tags/v3.7.2:9a3ffc0492, Dec 23 2018, 23:09:28) [MSC v.1916 64 bit (AMD64)], pyOpenSSL 19.0.0 (OpenSSL 1.1.1b  26 Feb 2019), cryptography 2.6.1, Platform Windows-10-10.0.17134-SP0
2019-05-20 15:36:55 [scrapy.crawler] INFO: Overridden settings: {'BOT_NAME': 'four', 'LOG_FILE': 'logs\\four\\itcast\\07abe86c7ad211e99d428c16457e6795.log', 'NEWSPIDER_MODULE': 'four.spiders', 'SPIDER_MODULES': ['four.spiders']}
2019-05-20 15:36:55 [scrapy.extensions.telnet] INFO: Telnet Password: 262e30326b973ca8
2019-05-20 15:36:55 [scrapy.middleware] INFO: Enabled extensions:
['scrapy.extensions.corestats.CoreStats',
 'scrapy.extensions.telnet.TelnetConsole',
 'scrapy.extensions.logstats.LogStats']
2019-05-20 15:36:55 [scrapy.middleware] INFO: Enabled downloader middlewares:
['scrapy.downloadermiddlewares.httpauth.HttpAuthMiddleware',
 'scrapy.downloadermiddlewares.downloadtimeout.DownloadTimeoutMiddleware',
 'scrapy.downloadermiddlewares.defaultheaders.DefaultHeadersMiddleware',
 'scrapy.downloadermiddlewares.useragent.UserAgentMiddleware',
 'scrapy.downloadermiddlewares.retry.RetryMiddleware',
 'scrapy.downloadermiddlewares.redirect.MetaRefreshMiddleware',
 'scrapy.downloadermiddlewares.httpcompression.HttpCompressionMiddleware',
 'scrapy.downloadermiddlewares.redirect.RedirectMiddleware',
 'scrapy.downloadermiddlewares.cookies.CookiesMiddleware',
 'scrapy.downloadermiddlewares.httpproxy.HttpProxyMiddleware',
 'scrapy.downloadermiddlewares.stats.DownloaderStats']
2019-05-20 15:36:55 [scrapy.middleware] INFO: Enabled spider middlewares:
['scrapy.spidermiddlewares.httperror.HttpErrorMiddleware',
 'scrapy.spidermiddlewares.offsite.OffsiteMiddleware',
 'scrapy.spidermiddlewares.referer.RefererMiddleware',
 'scrapy.spidermiddlewares.urllength.UrlLengthMiddleware',
 'scrapy.spidermiddlewares.depth.DepthMiddleware']
2019-05-20 15:36:55 [scrapy.middleware] INFO: Enabled item pipelines:
['four.pipelines.CrawlImg',
 'four.pipelines.Write',
 'four.pipelines.FourPipeline']
2019-05-20 15:36:55 [scrapy.core.engine] INFO: Spider opened
2019-05-20 15:36:55 [scrapy.extensions.logstats] INFO: Crawled 0 pages (at 0 pages/min), scraped 0 items (at 0 items/min)
2019-05-20 15:36:55 [scrapy.extensions.telnet] INFO: Telnet console listening on 127.0.0.1:6023
2019-05-20 15:36:55 [scrapy.core.engine] DEBUG: Crawled (200) <GET http://www.yunmss.cn/> (referer: None)
2019-05-20 15:36:56 [scrapy.core.engine] DEBUG: Crawled (200) <GET http://www.yunmss.cn/index.php/post/172.html> (referer: http://www.yunmss.cn/)
2019-05-20 15:36:56 [scrapy.pipelines.files] DEBUG: File (uptodate): Downloaded image from <GET http://www.yunmss.cn/zb_users/plugin/IMAGE/pic.php?src=aHR0cDovL3d3dy55dW5tc3MuY24vemJfdXNlcnMvdXBsb2FkLzIwMTcvMTEvMjAxNzExMjgxNTExODgxOTI5MTkwNDg1LmpwZw&width=620&height=230&cuttype=4> referred in <None>
2019-05-20 15:36:56 [scrapy.core.scraper] ERROR: Error processing {'content': '王者荣耀这游戏目前已经成为许多人的必不可少游戏，当然易云手机也下载了，只不过我并没有中毒。。。我有兴趣就玩玩，一般不会每天都玩。而最近新英雄女娲的一个技能让我看到了一个算是BUG的技能，那就是2技能的方块和一技能可以推挡人物。利用这2技能在训练场可以做一些事情，如下图：如上面2图，可以看到主宰一直打那个韩信，不停的打，而韩信人偶会回血，他们就这样一直打下去。而你会好奇，他怎么走到那去了，其实这是用女娲的2技能把韩信挤到主宰那去的。。。。。其次可以用一技能把红BOSS推回家，你会发现这红BOSS哪个塔都不会打。。。。而庄周用二技能推到泉水，发现先水晶都打不死他。。。。想不到这高伤害的水晶也打不死，6666还有就是最后一图是我和庄周在草丛。。。。。。',
 'date': '2017-11-28',
 'img': 'http://www.yunmss.cn/zb_users/plugin/IMAGE/pic.php?src=aHR0cDovL3d3dy55dW5tc3MuY24vemJfdXNlcnMvdXBsb2FkLzIwMTcvMTEvMjAxNzExMjgxNTExODgxOTI5MTkwNDg1LmpwZw&width=620&height=230&cuttype=4',
 'title': '【BUG分享】王者荣耀新英雄女娲新手训练BUG公布',
 'url': 'http://www.yunmss.cn/index.php/post/172.html'}
Traceback (most recent call last):
  File "d:\python3\lib\site-packages\twisted\internet\defer.py", line 654, in _runCallbacks
    current.result = callback(current.result, *args, **kw)
  File "c:\users\向寒°\appdata\local\temp\four-1558334364-2ss_1iqb.egg\four\pipelines.py", line 28, in item_completed
    os.rename('./img/'+img_path,'./img/'+item['title']+'.jpg')
FileExistsError: [WinError 183] 当文件已存在时，无法创建该文件。: './img/full/d5782b2bd1b747ad08b1e173617942f4e14a8d98.jpg' -> './img/【BUG分享】王者荣耀新英雄女娲新手训练BUG公布.jpg'
2019-05-20 15:36:56 [scrapy.core.engine] DEBUG: Crawled (200) <GET http://www.yunmss.cn/index.php/post/180.html> (referer: http://www.yunmss.cn/)
2019-05-20 15:36:56 [scrapy.pipelines.files] DEBUG: File (uptodate): Downloaded image from <GET http://www.yunmss.cn/zb_users/plugin/IMAGE/pic.php?src=aHR0cDovL3d3dy55dW5tc3MuY24vemJfdXNlcnMvdXBsb2FkLzIwMTgvMDMvMjAxODAzMDkxNTIwNTkyODU2MTY0MDIxLmpwZw&width=620&height=230&cuttype=4> referred in <None>
2019-05-20 15:36:56 [scrapy.core.scraper] ERROR: Error processing {'content': '\xa0 \xa0 \xa0 \xa0'
            '最近毕竟忙，没怎么时间写博文，今天放假有时间分享个福利，就是vip接口。网上虽然有各式各样的免费接口但是很多色广告还有病毒之类的。而且还经常失效非常不方便使用。。。于是乎，易云vip解析接口就横空出现：\xa0'
            '，支持多通信切换 \xa0无各种色广告诱惑 \xa0 长期维护稳定 \xa0 '
            '永久免费！快速搭建VIP解析网站教程：VIP解析网站源码：百度网盘链接: \xa0 \xa0密码: '
            'mxxf使用方法：先直接把源码上传虚拟主机然后绑定域名即可使用噢！无需设置任何，并且已经整合了我的vip接口，接口那边我会长期更新。',
 'date': '2018-03-09',
 'img': 'http://www.yunmss.cn/zb_users/plugin/IMAGE/pic.php?src=aHR0cDovL3d3dy55dW5tc3MuY24vemJfdXNlcnMvdXBsb2FkLzIwMTgvMDMvMjAxODAzMDkxNTIwNTkyODU2MTY0MDIxLmpwZw&width=620&height=230&cuttype=4',
 'title': '【免费福利】快速制作属于自己的VIP电影解析网站',
 'url': 'http://www.yunmss.cn/index.php/post/180.html'}
Traceback (most recent call last):
  File "d:\python3\lib\site-packages\twisted\internet\defer.py", line 654, in _runCallbacks
    current.result = callback(current.result, *args, **kw)
  File "c:\users\向寒°\appdata\local\temp\four-1558334364-2ss_1iqb.egg\four\pipelines.py", line 28, in item_completed
    os.rename('./img/'+img_path,'./img/'+item['title']+'.jpg')
FileExistsError: [WinError 183] 当文件已存在时，无法创建该文件。: './img/full/42d8f7f0e7d522ec69fd952c7574c63723e7220d.jpg' -> './img/【免费福利】快速制作属于自己的VIP电影解析网站.jpg'
2019-05-20 15:36:57 [scrapy.core.engine] DEBUG: Crawled (200) <GET http://www.yunmss.cn/index.php/post/181.html> (referer: http://www.yunmss.cn/)
2019-05-20 15:36:57 [scrapy.pipelines.files] DEBUG: File (uptodate): Downloaded image from <GET http://www.yunmss.cn/zb_users/plugin/IMAGE/pic.php?src=aHR0cDovL3d3dy55dW5tc3MuY24vemJfdXNlcnMvdXBsb2FkLzIwMTgvMDQvMjAxODA0MjQxNTI0NTc4MTA0MTgzNTg1LnBuZw&width=620&height=230&cuttype=4> referred in <None>
2019-05-20 15:36:57 [scrapy.core.scraper] ERROR: Error processing {'content': '\xa0 \xa0'
            '好久没来写写博文了，今天闲暇时间来分享个小源码，因为某人有需要。源码效果如上图：说实话这源码原本是我很久之前易云挂Q的一个小插件，手机端用很不错的效果。使用也很简单，也就一段代码+CSS+JS+图片即可：使用代码如下：（将代码放入要显示的页面即可）taobaocd.js '
            '（复制代码保存名字为taobaocd.js的文件）taobaocd.css（复制代码保存名字为taobaocd.css的文件）图片文件（保存在img文件夹）下载地址：\xa0'
            '使用方法：先将上述代码分别保存为taobaocd.css和taobaocd.js文件，然后放在网站跟目录，再引用最上面的代码即可。下面我提供一个源码包：百度下载链接: \xa0 \xa0'
            '密码: swg8',
 'date': '2018-04-24',
 'img': 'http://www.yunmss.cn/zb_users/plugin/IMAGE/pic.php?src=aHR0cDovL3d3dy55dW5tc3MuY24vemJfdXNlcnMvdXBsb2FkLzIwMTgvMDQvMjAxODA0MjQxNTI0NTc4MTA0MTgzNTg1LnBuZw&width=620&height=230&cuttype=4',
 'title': '【源码分享】底部小菜单导航源码下载',
 'url': 'http://www.yunmss.cn/index.php/post/181.html'}
Traceback (most recent call last):
  File "d:\python3\lib\site-packages\twisted\internet\defer.py", line 654, in _runCallbacks
    current.result = callback(current.result, *args, **kw)
  File "c:\users\向寒°\appdata\local\temp\four-1558334364-2ss_1iqb.egg\four\pipelines.py", line 28, in item_completed
    os.rename('./img/'+img_path,'./img/'+item['title']+'.jpg')
FileExistsError: [WinError 183] 当文件已存在时，无法创建该文件。: './img/full/2b0d45e710bfbdbb25541f8131c1d417d4a8d1ce.jpg' -> './img/【源码分享】底部小菜单导航源码下载.jpg'
2019-05-20 15:36:57 [scrapy.core.engine] DEBUG: Crawled (200) <GET http://www.yunmss.cn/index.php/post/182.html> (referer: http://www.yunmss.cn/)
2019-05-20 15:36:57 [scrapy.pipelines.files] DEBUG: File (uptodate): Downloaded image from <GET http://www.yunmss.cn/zb_users/plugin/IMAGE/pic.php?src=aHR0cDovL3d3dy55dW5tc3MuY24vemJfdXNlcnMvdXBsb2FkLzIwMTgvMDUvMjAxODA1MjkxNTI3NTkyNzEyMTEwNDc0LmpwZw&width=620&height=230&cuttype=4> referred in <None>
2019-05-20 15:36:58 [scrapy.core.scraper] ERROR: Error processing {'content': '该源码是微信小程序源码，需要安装微赞再安装这个模块，这个模块到处在卖，几十上百都有，这里免费提供下载安装方法：安装微赞系统 '
            '【具体方法百度】然后上传该模块到addons文件夹，然后在后台系统安装即可可以实现收费观看视频的小程序源码！百度云链接: \xa0 \xa0'
            '密码: rxxx',
 'date': '2018-05-29',
 'img': 'http://www.yunmss.cn/zb_users/plugin/IMAGE/pic.php?src=aHR0cDovL3d3dy55dW5tc3MuY24vemJfdXNlcnMvdXBsb2FkLzIwMTgvMDUvMjAxODA1MjkxNTI3NTkyNzEyMTEwNDc0LmpwZw&width=620&height=230&cuttype=4',
 'title': '【小程序源码】微赞模块 - 禾匠仿二更视频微信小程序',
 'url': 'http://www.yunmss.cn/index.php/post/182.html'}
Traceback (most recent call last):
  File "d:\python3\lib\site-packages\twisted\internet\defer.py", line 654, in _runCallbacks
    current.result = callback(current.result, *args, **kw)
  File "c:\users\向寒°\appdata\local\temp\four-1558334364-2ss_1iqb.egg\four\pipelines.py", line 28, in item_completed
    os.rename('./img/'+img_path,'./img/'+item['title']+'.jpg')
FileExistsError: [WinError 183] 当文件已存在时，无法创建该文件。: './img/full/3af6acfc7b93e308219df32f5a4defa03aa44bb1.jpg' -> './img/【小程序源码】微赞模块 - 禾匠仿二更视频微信小程序.jpg'
2019-05-20 15:36:58 [scrapy.core.engine] DEBUG: Crawled (200) <GET http://www.yunmss.cn/index.php/post/185.html> (referer: http://www.yunmss.cn/)
2019-05-20 15:36:58 [scrapy.pipelines.files] DEBUG: File (uptodate): Downloaded image from <GET https://p.ssl.qhimg.com/d/dy_e0d2a250abb6b53b7a230e54b4b82f8c.jpg> referred in <None>
2019-05-20 15:36:58 [scrapy.core.scraper] ERROR: Error processing {'content': '剧情介绍：',
 'date': '2019-04-27',
 'img': 'https://p.ssl.qhimg.com/d/dy_e0d2a250abb6b53b7a230e54b4b82f8c.jpg',
 'title': '【电影分享】反贪风暴4 高清资源免费观看',
 'url': 'http://www.yunmss.cn/index.php/post/185.html'}
Traceback (most recent call last):
  File "d:\python3\lib\site-packages\twisted\internet\defer.py", line 654, in _runCallbacks
    current.result = callback(current.result, *args, **kw)
  File "c:\users\向寒°\appdata\local\temp\four-1558334364-2ss_1iqb.egg\four\pipelines.py", line 28, in item_completed
    os.rename('./img/'+img_path,'./img/'+item['title']+'.jpg')
FileExistsError: [WinError 183] 当文件已存在时，无法创建该文件。: './img/full/ae1b8b03afe783d9510f15863760458128cb6a85.jpg' -> './img/【电影分享】反贪风暴4 高清资源免费观看.jpg'
2019-05-20 15:36:58 [scrapy.core.engine] DEBUG: Crawled (200) <GET http://www.yunmss.cn/index.php/post/184.html> (referer: http://www.yunmss.cn/)
2019-05-20 15:36:58 [scrapy.pipelines.files] DEBUG: File (uptodate): Downloaded image from <GET http://www.yunmss.cn/zb_users/plugin/IMAGE/pic.php?src=aHR0cDovL3d3dy55dW5tc3MuY24vemJfdXNlcnMvdXBsb2FkLzIwMTkvMDIvMjAxOTAyMTExNTQ5ODE3MzYzOTgyMTE1LmpwZw&width=620&height=230&cuttype=4> referred in <None>
2019-05-20 15:36:58 [scrapy.core.scraper] ERROR: Error processing {'content': '\xa0 \xa0 \xa0 \xa0'
            '易云此前一直忙于学习与工作，大半年没有更新易云博客了，今天来更新下，说下当今微信网页防封。大家都知道，微信经常封一些网页，例如淘宝客网站，一直活动类网站，甚至同行网站，因此，易云业余时间研究了微信防封技术。目前网上也有很多微信防封提供，但是都特别得贵，一般人根本无法承担，例如一个月就要上千块，得不偿失其次还不能百分百将防封降到最低！\xa0 \xa0 \xa0 \xa0'
            '论起防封，首先要研究微信是如何封网页，如果检测网页。无外乎是人工投诉检测以及系统随机检测，因此我们就对此使用方式进行屏蔽。\xa0 \xa0 \xa0 \xa0'
            '微信防封之一：屏蔽右上角得举报按钮，该技术可以用跳转授权方式进行屏蔽，也就是只能A能访问B，而不能直接访问B，直接访问B会显示正常页面。\xa0 \xa0 \xa0 \xa0'
            '【未授权访问B】\xa0 \xa0 \xa0 【已授权访问B】\xa0 \xa0 \xa0 \xa0'
            '微信防封之二：微信内置浏览器跳转浏览器，众所周知，微信内下载APP必须跳转到应用宝下载，因此必须将APP上传应用宝，因此通俗做法是跳转手机自带浏览器。该跳转代码以前由于公布造成被封，目前易云经过多方研究重新突破，找到跳转接口\xa0 \xa0 \xa0'
            '【微信跳转】\xa0 \xa0 \xa0 \xa0 '
            '微信防封之三：微信假投诉按钮防封，通过模拟微信投诉页面，制造一个假得投诉给用户投诉，以实现投诉失效。【微信假投诉】\xa0 \xa0 \xa0 \xa0 '
            '微信防封之四：将任意网页模拟为公众号内页，以提高用户信赖，其次采用分享防封机制，就算网页被分享也可以防封。从源头真正实现防封。目前易云已经将防封技术发展到第六代，真正实现',
 'date': '2019-02-11',
 'img': 'http://www.yunmss.cn/zb_users/plugin/IMAGE/pic.php?src=aHR0cDovL3d3dy55dW5tc3MuY24vemJfdXNlcnMvdXBsb2FkLzIwMTkvMDIvMjAxOTAyMTExNTQ5ODE3MzYzOTgyMTE1LmpwZw&width=620&height=230&cuttype=4',
 'title': '[置顶]易云防封技术，专业微信QQ网页防封，百分百将被封风险降到5%以下',
 'url': 'http://www.yunmss.cn/index.php/post/184.html'}
Traceback (most recent call last):
  File "d:\python3\lib\site-packages\twisted\internet\defer.py", line 654, in _runCallbacks
    current.result = callback(current.result, *args, **kw)
  File "c:\users\向寒°\appdata\local\temp\four-1558334364-2ss_1iqb.egg\four\pipelines.py", line 28, in item_completed
    os.rename('./img/'+img_path,'./img/'+item['title']+'.jpg')
FileExistsError: [WinError 183] 当文件已存在时，无法创建该文件。: './img/full/4b204f51e1e933a63a3902e41d31a7831dfdc45f.jpg' -> './img/[置顶]易云防封技术，专业微信QQ网页防封，百分百将被封风险降到5%以下.jpg'
2019-05-20 15:37:16 [scrapy.downloadermiddlewares.retry] DEBUG: Retrying <GET http://www.yunmss.cn/index.php/post/175.html> (failed 1 times): TCP connection timed out: 10060: 由于连接方在一段时间后没有正确答复或连接的主机没有反应，连接尝试失败。.
2019-05-20 15:37:16 [scrapy.downloadermiddlewares.retry] DEBUG: Retrying <GET http://www.yunmss.cn/index.php/post/176.html> (failed 1 times): TCP connection timed out: 10060: 由于连接方在一段时间后没有正确答复或连接的主机没有反应，连接尝试失败。.
2019-05-20 15:37:16 [scrapy.downloadermiddlewares.retry] DEBUG: Retrying <GET http://www.yunmss.cn/index.php/post/178.html> (failed 1 times): TCP connection timed out: 10060: 由于连接方在一段时间后没有正确答复或连接的主机没有反应，连接尝试失败。.
2019-05-20 15:37:16 [scrapy.downloadermiddlewares.retry] DEBUG: Retrying <GET http://www.yunmss.cn/index.php/post/174.html> (failed 1 times): TCP connection timed out: 10060: 由于连接方在一段时间后没有正确答复或连接的主机没有反应，连接尝试失败。.
2019-05-20 15:37:16 [scrapy.downloadermiddlewares.retry] DEBUG: Retrying <GET http://www.yunmss.cn/index.php/post/179.html> (failed 1 times): TCP connection timed out: 10060: 由于连接方在一段时间后没有正确答复或连接的主机没有反应，连接尝试失败。.
2019-05-20 15:37:17 [scrapy.core.engine] DEBUG: Crawled (200) <GET http://www.yunmss.cn/index.php/post/175.html> (referer: http://www.yunmss.cn/)
2019-05-20 15:37:17 [scrapy.pipelines.files] DEBUG: File (uptodate): Downloaded image from <GET http://www.yunmss.cn/zb_users/plugin/IMAGE/pic.php?src=aHR0cDovL3d3dy55dW5tc3MuY24vemJfdXNlcnMvdXBsb2FkLzIwMTgvMDEvMjAxODAxMjIxNTE2NTk3MTMxMTg0MTYwLmpwZw&width=620&height=230&cuttype=4> referred in <None>
2019-05-20 15:37:17 [scrapy.core.scraper] ERROR: Error processing {'content': '\xa0 \xa0 \xa0 \xa0'
            '好久没更新博文了，经过一段时间弄微信机器人，终于搞定了，微信省钱小助手重磅出击！欢迎大家加微信机器人微信号：zhaoqannet \xa0'
            '，下面教各位使用福利机器人！\xa0 \xa0 \xa0 首先用手机淘宝APP找到心意的宝贝，如图： '
            '（Meilen可充电电子称体重秤家用成人精准人体秤减肥称重器测体重计）点击右上角的3个点然后点击分享然后点击微信并复制信息到微信机器人把这个口令粘贴给机器人并发送，机器人即会自动返回优惠券和返利噢！其次还可以通过发送帮助指令和买XXX指令搜索最新给力优惠券导购噢！打开 '
            '爱奇艺 腾讯 \xa0优酷 哔哩哔哩 \xa0'
            '乐视等APP，找到要看的收费电影或电视剧，如腾讯视频APP点击分享按钮选择微信并发送给机器人机器人自动返回免费看收费电影地址，点击打开即可！最后欢迎各位加省钱小助手噢！',
 'date': '2018-01-22',
 'img': 'http://www.yunmss.cn/zb_users/plugin/IMAGE/pic.php?src=aHR0cDovL3d3dy55dW5tc3MuY24vemJfdXNlcnMvdXBsb2FkLzIwMTgvMDEvMjAxODAxMjIxNTE2NTk3MTMxMTg0MTYwLmpwZw&width=620&height=230&cuttype=4',
 'title': '【最新福利】淘宝省钱小助手使用方法',
 'url': 'http://www.yunmss.cn/index.php/post/175.html'}
Traceback (most recent call last):
  File "d:\python3\lib\site-packages\twisted\internet\defer.py", line 654, in _runCallbacks
    current.result = callback(current.result, *args, **kw)
  File "c:\users\向寒°\appdata\local\temp\four-1558334364-2ss_1iqb.egg\four\pipelines.py", line 28, in item_completed
    os.rename('./img/'+img_path,'./img/'+item['title']+'.jpg')
FileExistsError: [WinError 183] 当文件已存在时，无法创建该文件。: './img/full/65499995038bbd378a114c269b03d8b996f617c1.jpg' -> './img/【最新福利】淘宝省钱小助手使用方法.jpg'
2019-05-20 15:37:37 [scrapy.downloadermiddlewares.retry] DEBUG: Retrying <GET http://www.yunmss.cn/index.php/post/176.html> (failed 2 times): TCP connection timed out: 10060: 由于连接方在一段时间后没有正确答复或连接的主机没有反应，连接尝试失败。.
2019-05-20 15:37:37 [scrapy.downloadermiddlewares.retry] DEBUG: Retrying <GET http://www.yunmss.cn/index.php/post/179.html> (failed 2 times): TCP connection timed out: 10060: 由于连接方在一段时间后没有正确答复或连接的主机没有反应，连接尝试失败。.
2019-05-20 15:37:38 [scrapy.core.engine] DEBUG: Crawled (200) <GET http://www.yunmss.cn/index.php/post/176.html> (referer: http://www.yunmss.cn/)
2019-05-20 15:37:38 [scrapy.pipelines.files] DEBUG: File (uptodate): Downloaded image from <GET http://www.yunmss.cn/zb_users/plugin/IMAGE/pic.php?src=aHR0cDovL3d3dy55dW5tc3MuY24vemJfdXNlcnMvdXBsb2FkLzIwMTgvMDIvMjAxODAyMDQxNTE3NzE5MzUyMzIwODg3LnBuZw&width=620&height=230&cuttype=4> referred in <None>
2019-05-20 15:37:38 [scrapy.core.engine] DEBUG: Crawled (200) <GET http://www.yunmss.cn/index.php/post/179.html> (referer: http://www.yunmss.cn/)
2019-05-20 15:37:38 [scrapy.core.scraper] ERROR: Error processing {'content': '\xa0 \xa0 \xa0 \xa0'
            '距离春节还有不到11天啦，在这时期，马云又开始撒钱，淘宝最新免费领取10元无门槛红包活动，10元红包能干什么？可以0元购买10元以下的物品。而且这个活动可以无限撸噢，喜欢撸活动的速度HI起。这个条件相信很容易实现，比如用亲戚朋友爸爸妈妈的手机注册个新的淘宝账号登陆淘宝APP再通过活动链接即可轻松领取10元使用从来没用用过的淘宝APP手机并注册新账号登陆然后复制上面这个信息打开淘宝APP即可参加噢！当然老账号也有机会领取活动，可以领取随机红包噢！',
 'date': '2018-02-04',
 'img': 'http://www.yunmss.cn/zb_users/plugin/IMAGE/pic.php?src=aHR0cDovL3d3dy55dW5tc3MuY24vemJfdXNlcnMvdXBsb2FkLzIwMTgvMDIvMjAxODAyMDQxNTE3NzE5MzUyMzIwODg3LnBuZw&width=620&height=230&cuttype=4',
 'title': '【最新活动】免费领取淘宝新手10元无门槛红包',
 'url': 'http://www.yunmss.cn/index.php/post/176.html'}
Traceback (most recent call last):
  File "d:\python3\lib\site-packages\twisted\internet\defer.py", line 654, in _runCallbacks
    current.result = callback(current.result, *args, **kw)
  File "c:\users\向寒°\appdata\local\temp\four-1558334364-2ss_1iqb.egg\four\pipelines.py", line 28, in item_completed
    os.rename('./img/'+img_path,'./img/'+item['title']+'.jpg')
FileExistsError: [WinError 183] 当文件已存在时，无法创建该文件。: './img/full/13dc03917bc49af9aec918a371a40ab4564b79c9.jpg' -> './img/【最新活动】免费领取淘宝新手10元无门槛红包.jpg'
2019-05-20 15:37:38 [scrapy.pipelines.files] DEBUG: File (uptodate): Downloaded image from <GET https://p1.ssl.qhmsg.com/dr/270_500_/t016e15db26edeae3c9.png?size=590x833> referred in <None>
2019-05-20 15:37:38 [scrapy.core.scraper] ERROR: Error processing {'content': '上一部与胡巴分别后，天荫带着小岚踏上寻父之路，在义薄云天的天师堂堂主云大哥的帮助下，二人得知天荫父亲宋戴天的护妖轨迹；而重回永宁村的胡巴再度被妖王追杀，颠沛流离逃亡时结识大赌徒屠四谷和一只妖怪，三人一起过着相依为命的生活，但又因屠四谷欠下的巨额赌债横生诸多波折。与此同时，江湖盛传小妖王胡巴的重金悬赏令，妖界大军、天师精英、绿林草莽闻风而动，多方势力为抢夺胡巴在清水镇掀起腥风血雨。千钧一发之际，念子心切的天荫和小岚通过天师堂找到胡巴并一起逃离险境。岂料，一场更大的惊天阴谋尾随而至，伺机而动',
 'date': '2018-03-03',
 'img': 'https://p1.ssl.qhmsg.com/dr/270_500_/t016e15db26edeae3c9.png?size=590x833',
 'title': '【电影分享】捉妖记2 TC 720 高清版百度云',
 'url': 'http://www.yunmss.cn/index.php/post/179.html'}
Traceback (most recent call last):
  File "d:\python3\lib\site-packages\twisted\internet\defer.py", line 654, in _runCallbacks
    current.result = callback(current.result, *args, **kw)
  File "c:\users\向寒°\appdata\local\temp\four-1558334364-2ss_1iqb.egg\four\pipelines.py", line 28, in item_completed
    os.rename('./img/'+img_path,'./img/'+item['title']+'.jpg')
FileExistsError: [WinError 183] 当文件已存在时，无法创建该文件。: './img/full/4598bc472dcc3ec06ab3f45abe764db779db4223.jpg' -> './img/【电影分享】捉妖记2 TC 720 高清版百度云.jpg'
2019-05-20 15:37:55 [scrapy.extensions.logstats] INFO: Crawled 10 pages (at 10 pages/min), scraped 0 items (at 0 items/min)
2019-05-20 15:38:55 [scrapy.extensions.logstats] INFO: Crawled 10 pages (at 0 pages/min), scraped 0 items (at 0 items/min)
2019-05-20 15:39:55 [scrapy.extensions.logstats] INFO: Crawled 10 pages (at 0 pages/min), scraped 0 items (at 0 items/min)
2019-05-20 15:39:55 [scrapy.downloadermiddlewares.retry] DEBUG: Retrying <GET http://www.yunmss.cn/index.php/post/173.html> (failed 1 times): User timeout caused connection failure: Getting http://www.yunmss.cn/index.php/post/173.html took longer than 180.0 seconds..
2019-05-20 15:39:55 [scrapy.downloadermiddlewares.retry] DEBUG: Retrying <GET http://www.yunmss.cn/index.php/post/177.html> (failed 1 times): User timeout caused connection failure: Getting http://www.yunmss.cn/index.php/post/177.html took longer than 180.0 seconds..
2019-05-20 15:39:56 [scrapy.core.engine] DEBUG: Crawled (200) <GET http://www.yunmss.cn/index.php/post/177.html> (referer: http://www.yunmss.cn/)
2019-05-20 15:39:56 [scrapy.core.engine] DEBUG: Crawled (200) <GET http://www.yunmss.cn/index.php/post/173.html> (referer: http://www.yunmss.cn/)
2019-05-20 15:39:56 [scrapy.pipelines.files] DEBUG: File (uptodate): Downloaded image from <GET http://www.yunmss.cn/zb_users/plugin/IMAGE/pic.php?src=aHR0cDovL3d3dy55dW5tc3MuY24vemJfdXNlcnMvdXBsb2FkLzIwMTgvMDIvMjAxODAyMTIxNTE4NDMzNDc4MTU1MDA0LmpwZw&width=620&height=230&cuttype=4> referred in <None>
2019-05-20 15:39:56 [scrapy.pipelines.files] DEBUG: File (uptodate): Downloaded image from <GET http://www.yunmss.cn/zb_users/plugin/IMAGE/pic.php?src=aHR0cDovL3d3dy55dW5tc3MuY24vemJfdXNlcnMvdXBsb2FkLzIwMTcvMTIvMjAxNzEyMDMxNTEyMzA1NjE2MTAyOTA3LmpwZw&width=620&height=230&cuttype=4> referred in <None>
2019-05-20 15:39:56 [scrapy.core.scraper] ERROR: Error processing {'content': '\xa0 \xa0 \xa0 \xa0 '
            '省钱小助手一上线就深受购物爱好者的喜爱，每天不断有新的朋友使用小助手来省钱购物，而小助手的初衷就是帮大家省钱还要帮大家赚钱。为此小助手已经正式支持代理功能。什么是代理功能昵？这里给大家普及下：就是亲们可以通过绑定下级，下级通过小助手购物时，亲可以获取高达20%返利提成。\xa0 \xa0 \xa0 \xa0 '
            '目前小助手已经支持群代理功能 \xa0推荐名片代理 \xa0 '
            '宣传海报代理三大模式。下面小编就带各位逐步介绍：1、功能介绍：亲们可以拉小助手创建淘宝返利省钱微信群，然后拉亲戚朋友同学等进群，这样该群的所有人都是亲的下级，都可以享受20%的返利提成。这样亲的下级们可以在群里发送淘口令或商品标题等即可搜索优惠券+返利',
 'date': '2018-02-12',
 'img': 'http://www.yunmss.cn/zb_users/plugin/IMAGE/pic.php?src=aHR0cDovL3d3dy55dW5tc3MuY24vemJfdXNlcnMvdXBsb2FkLzIwMTgvMDIvMjAxODAyMTIxNTE4NDMzNDc4MTU1MDA0LmpwZw&width=620&height=230&cuttype=4',
 'title': '【教程】省钱小助手之代理功能助你轻松赚钱',
 'url': 'http://www.yunmss.cn/index.php/post/177.html'}
Traceback (most recent call last):
  File "d:\python3\lib\site-packages\twisted\internet\defer.py", line 654, in _runCallbacks
    current.result = callback(current.result, *args, **kw)
  File "c:\users\向寒°\appdata\local\temp\four-1558334364-2ss_1iqb.egg\four\pipelines.py", line 28, in item_completed
    os.rename('./img/'+img_path,'./img/'+item['title']+'.jpg')
FileExistsError: [WinError 183] 当文件已存在时，无法创建该文件。: './img/full/d62bdf2922e35ca2f24fc6ba9bf4e5fb2045d8a7.jpg' -> './img/【教程】省钱小助手之代理功能助你轻松赚钱.jpg'
2019-05-20 15:39:56 [scrapy.core.scraper] ERROR: Error processing {'content': '\xa0 \xa0 \xa0 \xa0自从阿里云云干起服务器后，各路人马也纷纷加入这行业，包括百度 \xa0腾讯 \xa0 '
            '京东 \xa0 '
            '华为，现在美团也加入这行业，并且提供长达3个月的免费服务器使用！免费服务器分为2类，一类是个人，另一类是企业。个人的配置是1G1H '
            '0元购或者2G1H 9元购 3个月，而企业的是2G2H '
            '0元购6个月。具体看下方图。下面是企业套餐：很豪华。。。。活动说明：企业版：免费领取服务器活动地址：\xa0',
 'date': '2017-12-03',
 'img': 'http://www.yunmss.cn/zb_users/plugin/IMAGE/pic.php?src=aHR0cDovL3d3dy55dW5tc3MuY24vemJfdXNlcnMvdXBsb2FkLzIwMTcvMTIvMjAxNzEyMDMxNTEyMzA1NjE2MTAyOTA3LmpwZw&width=620&height=230&cuttype=4',
 'title': '【免费服务器】美团云提供3个月1G1H免费服务器',
 'url': 'http://www.yunmss.cn/index.php/post/173.html'}
Traceback (most recent call last):
  File "d:\python3\lib\site-packages\twisted\internet\defer.py", line 654, in _runCallbacks
    current.result = callback(current.result, *args, **kw)
  File "c:\users\向寒°\appdata\local\temp\four-1558334364-2ss_1iqb.egg\four\pipelines.py", line 28, in item_completed
    os.rename('./img/'+img_path,'./img/'+item['title']+'.jpg')
FileExistsError: [WinError 183] 当文件已存在时，无法创建该文件。: './img/full/a7e326345a58bae6972dde5d0671ecb85001970d.jpg' -> './img/【免费服务器】美团云提供3个月1G1H免费服务器.jpg'
2019-05-20 15:40:16 [scrapy.downloadermiddlewares.retry] DEBUG: Retrying <GET http://www.yunmss.cn/index.php/post/174.html> (failed 2 times): User timeout caused connection failure: Getting http://www.yunmss.cn/index.php/post/174.html took longer than 180.0 seconds..
2019-05-20 15:40:16 [scrapy.downloadermiddlewares.retry] DEBUG: Retrying <GET http://www.yunmss.cn/index.php/post/178.html> (failed 2 times): User timeout caused connection failure: Getting http://www.yunmss.cn/index.php/post/178.html took longer than 180.0 seconds..
2019-05-20 15:40:37 [scrapy.downloadermiddlewares.retry] DEBUG: Gave up retrying <GET http://www.yunmss.cn/index.php/post/174.html> (failed 3 times): TCP connection timed out: 10060: 由于连接方在一段时间后没有正确答复或连接的主机没有反应，连接尝试失败。.
2019-05-20 15:40:37 [scrapy.downloadermiddlewares.retry] DEBUG: Gave up retrying <GET http://www.yunmss.cn/index.php/post/178.html> (failed 3 times): TCP connection timed out: 10060: 由于连接方在一段时间后没有正确答复或连接的主机没有反应，连接尝试失败。.
2019-05-20 15:40:38 [scrapy.core.scraper] ERROR: Error downloading <GET http://www.yunmss.cn/index.php/post/174.html>
Traceback (most recent call last):
  File "d:\python3\lib\site-packages\scrapy\core\downloader\middleware.py", line 43, in process_request
    defer.returnValue((yield download_func(request=request,spider=spider)))
twisted.internet.error.TCPTimedOutError: TCP connection timed out: 10060: 由于连接方在一段时间后没有正确答复或连接的主机没有反应，连接尝试失败。.
2019-05-20 15:40:38 [scrapy.core.scraper] ERROR: Error downloading <GET http://www.yunmss.cn/index.php/post/178.html>
Traceback (most recent call last):
  File "d:\python3\lib\site-packages\scrapy\core\downloader\middleware.py", line 43, in process_request
    defer.returnValue((yield download_func(request=request,spider=spider)))
twisted.internet.error.TCPTimedOutError: TCP connection timed out: 10060: 由于连接方在一段时间后没有正确答复或连接的主机没有反应，连接尝试失败。.
2019-05-20 15:40:38 [scrapy.core.engine] INFO: Closing spider (finished)
2019-05-20 15:40:38 [scrapy.statscollectors] INFO: Dumping Scrapy stats:
{'downloader/exception_count': 13,
 'downloader/exception_type_count/twisted.internet.error.TCPTimedOutError': 9,
 'downloader/exception_type_count/twisted.internet.error.TimeoutError': 4,
 'downloader/request_bytes': 6620,
 'downloader/request_count': 25,
 'downloader/request_method_count/GET': 25,
 'downloader/response_bytes': 105744,
 'downloader/response_count': 12,
 'downloader/response_status_count/200': 12,
 'file_count': 11,
 'file_status_count/uptodate': 11,
 'finish_reason': 'finished',
 'finish_time': datetime.datetime(2019, 5, 20, 7, 40, 38, 200022),
 'log_count/DEBUG': 36,
 'log_count/ERROR': 13,
 'log_count/INFO': 12,
 'request_depth_max': 1,
 'response_received_count': 12,
 'retry/count': 11,
 'retry/max_reached': 2,
 'retry/reason_count/twisted.internet.error.TCPTimedOutError': 7,
 'retry/reason_count/twisted.internet.error.TimeoutError': 4,
 'scheduler/dequeued': 25,
 'scheduler/dequeued/memory': 25,
 'scheduler/enqueued': 25,
 'scheduler/enqueued/memory': 25,
 'start_time': datetime.datetime(2019, 5, 20, 7, 36, 55, 439731)}
2019-05-20 15:40:38 [scrapy.core.engine] INFO: Spider closed (finished)
